presen -> presen.pdf
resume -> resume.pdf
presen-nokey -> presen-nokey.pdf
[1[1[1
dvipdfmx:warning: Unparsed material at end of special ignored.

Current input buffer is -->! /landplus90 true store<--

dvipdfmx:warning: Unparsed material at end of special ignored.

Current input buffer is -->! /landplus90 true store<--

dvipdfmx:warning: Unparsed material at end of special ignored.

Current input buffer is -->! /landplus90 true store<--
][2][2][3][3][4][4][5][5][6][6][2][7][7][8][8][9][3][10][11][9][12][4][13][14][10][15][11][12][13][14][15][16][17][18][19][16]][17][18][19]][5]
116518 bytes written
118949 bytes written
119786 bytes written


presen -> presen.pdf
presen-nokey -> presen-nokey.pdf
resume -> resume.pdf
[1
dvipdfmx:warning: Unparsed material at end of special ignored.

Current input buffer is -->! /landplus90 true store<--
[1[1][2][3][4][5][6][7][8][9
dvipdfmx:warning: Unparsed material at end of special ignored.

Current input buffer is -->! /landplus90 tr
uedvipdfmx:warning:  Unparsed material at end of special ignored.s
t
Current input buffer is -->o!r e/<--
landplus90 true store<--
][10][11][12][13][14][15][2][16][3][2][4][5][6][3][7][8][9][4][10][11][12][13][14][15][17][18][19][20]
dvipdfmx:warning: PDF destination "subsection.12.1" not defined.
dvipdfmx:warning: PDF destination "subsection.9.1" not defined.
dvipdfmx:warning: PDF destination "subsection.12.2" not defined.
][5][16][17]][18
dvipdfmx:warning: ]PDF destination "subsection.12.1" not defined.[19
dvipdfmx:warning: PDF destination "subsection.9.1" not defined.
dvipdfmx:warning: PDF destination "subsection.12.2" not defined.
]
dvipdfmx:warning: PDF destination "subsection.12.1" not defined.
dvipdfmx:warning: PDF destination "subsection.9.1" not defined.
dvipdfmx:warning: PDF destination "subsection.12.2" not defined.

121662 bytes written
118162 bytes written
120667 bytes written


resume -> resume.pdf
[1presen -> presen.pdf

dvipdfmx:warning: Unparsed material at end of special ignored.

Current input buffer is -->! /landplus90 true store<--
][2][3[1][4
dvipdfmx:warning: Unparsed material at end of special ignored.

Current input buffer is -->! /landplus90 true store<--
presen-nokey -> presen-nokey.pdf
][2][3][4][5][6][7][8][9][10][11][12][13][14][15][16[1
dvipdfmx:warning: Unparsed material at end of special ignored.

Current input buffer is -->! /landplus90 true store<--
][2][3][4][5][6][7][8][9][10][11][12][13][14][15][5]][17][18][19][20]
118416 bytes written][16][17][18][19]
121788 bytes written

120760 bytes written

